This is pdfTeX, Version 3.141592653-2.6-1.40.24 (MiKTeX 21.12.10) (preloaded format=pdflatex 2022.1.3)  3 JAN 2022 12:58
entering extended mode
 restricted \write18 enabled.
 %&-line parsing enabled.
**./02-01---Projet-Modélisation-Prospective-ThreeME.tex
(02-01---Projet-Modélisation-Prospective-ThreeME.tex
LaTeX2e <2021-11-15> patch level 1
L3 programming layer <2021-11-22> (C:\Users\bijan\AppData\Local\Programs\MiKTeX
\tex/latex/base\article.cls
Document Class: article 2021/10/04 v1.4n Standard LaTeX document class
(C:\Users\bijan\AppData\Local\Programs\MiKTeX\tex/latex/base\size10.clo
File: size10.clo 2021/10/04 v1.4n Standard LaTeX file (size option)
)
\c@part=\count183
\c@section=\count184
\c@subsection=\count185
\c@subsubsection=\count186
\c@paragraph=\count187
\c@subparagraph=\count188
\c@figure=\count189
\c@table=\count190
\abovecaptionskip=\skip47
\belowcaptionskip=\skip48
\bibindent=\dimen138
) (C:\Users\bijan\AppData\Local\Programs\MiKTeX\tex/latex/lm\lmodern.sty
Package: lmodern 2009/10/30 v1.6 Latin Modern Fonts
LaTeX Font Info:    Overwriting symbol font `operators' in version `normal'
(Font)                  OT1/cmr/m/n --> OT1/lmr/m/n on input line 22.
LaTeX Font Info:    Overwriting symbol font `letters' in version `normal'
(Font)                  OML/cmm/m/it --> OML/lmm/m/it on input line 23.
LaTeX Font Info:    Overwriting symbol font `symbols' in version `normal'
(Font)                  OMS/cmsy/m/n --> OMS/lmsy/m/n on input line 24.
LaTeX Font Info:    Overwriting symbol font `largesymbols' in version `normal'
(Font)                  OMX/cmex/m/n --> OMX/lmex/m/n on input line 25.
LaTeX Font Info:    Overwriting symbol font `operators' in version `bold'
(Font)                  OT1/cmr/bx/n --> OT1/lmr/bx/n on input line 26.
LaTeX Font Info:    Overwriting symbol font `letters' in version `bold'
(Font)                  OML/cmm/b/it --> OML/lmm/b/it on input line 27.
LaTeX Font Info:    Overwriting symbol font `symbols' in version `bold'
(Font)                  OMS/cmsy/b/n --> OMS/lmsy/b/n on input line 28.
LaTeX Font Info:    Overwriting symbol font `largesymbols' in version `bold'
(Font)                  OMX/cmex/m/n --> OMX/lmex/m/n on input line 29.
LaTeX Font Info:    Overwriting math alphabet `\mathbf' in version `normal'
(Font)                  OT1/cmr/bx/n --> OT1/lmr/bx/n on input line 31.
LaTeX Font Info:    Overwriting math alphabet `\mathsf' in version `normal'
(Font)                  OT1/cmss/m/n --> OT1/lmss/m/n on input line 32.
LaTeX Font Info:    Overwriting math alphabet `\mathit' in version `normal'
(Font)                  OT1/cmr/m/it --> OT1/lmr/m/it on input line 33.
LaTeX Font Info:    Overwriting math alphabet `\mathtt' in version `normal'
(Font)                  OT1/cmtt/m/n --> OT1/lmtt/m/n on input line 34.
LaTeX Font Info:    Overwriting math alphabet `\mathbf' in version `bold'
(Font)                  OT1/cmr/bx/n --> OT1/lmr/bx/n on input line 35.
LaTeX Font Info:    Overwriting math alphabet `\mathsf' in version `bold'
(Font)                  OT1/cmss/bx/n --> OT1/lmss/bx/n on input line 36.
LaTeX Font Info:    Overwriting math alphabet `\mathit' in version `bold'
(Font)                  OT1/cmr/bx/it --> OT1/lmr/bx/it on input line 37.
LaTeX Font Info:    Overwriting math alphabet `\mathtt' in version `bold'
(Font)                  OT1/cmtt/m/n --> OT1/lmtt/m/n on input line 38.
) (C:\Users\bijan\AppData\Local\Programs\MiKTeX\tex/latex/amsmath\amsmath.sty
Package: amsmath 2021/10/15 v2.17l AMS math features
\@mathmargin=\skip49
For additional information on amsmath, use the `?' option.
(C:\Users\bijan\AppData\Local\Programs\MiKTeX\tex/latex/amsmath\amstext.sty
Package: amstext 2021/08/26 v2.01 AMS text
(C:\Users\bijan\AppData\Local\Programs\MiKTeX\tex/latex/amsmath\amsgen.sty
File: amsgen.sty 1999/11/30 v2.0 generic functions
\@emptytoks=\toks16
\ex@=\dimen139
)) (C:\Users\bijan\AppData\Local\Programs\MiKTeX\tex/latex/amsmath\amsbsy.sty
Package: amsbsy 1999/11/29 v1.2d Bold Symbols
\pmbraise@=\dimen140
) (C:\Users\bijan\AppData\Local\Programs\MiKTeX\tex/latex/amsmath\amsopn.sty
Package: amsopn 2021/08/26 v2.02 operator names
)
\inf@bad=\count191
LaTeX Info: Redefining \frac on input line 234.
\uproot@=\count192
\leftroot@=\count193
LaTeX Info: Redefining \overline on input line 399.
\classnum@=\count194
\DOTSCASE@=\count195
LaTeX Info: Redefining \ldots on input line 496.
LaTeX Info: Redefining \dots on input line 499.
LaTeX Info: Redefining \cdots on input line 620.
\Mathstrutbox@=\box50
\strutbox@=\box51
\big@size=\dimen141
LaTeX Font Info:    Redeclaring font encoding OML on input line 743.
LaTeX Font Info:    Redeclaring font encoding OMS on input line 744.
\macc@depth=\count196
\c@MaxMatrixCols=\count197
\dotsspace@=\muskip16
\c@parentequation=\count198
\dspbrk@lvl=\count199
\tag@help=\toks17
\row@=\count266
\column@=\count267
\maxfields@=\count268
\andhelp@=\toks18
\eqnshift@=\dimen142
\alignsep@=\dimen143
\tagshift@=\dimen144
\tagwidth@=\dimen145
\totwidth@=\dimen146
\lineht@=\dimen147
\@envbody=\toks19
\multlinegap=\skip50
\multlinetaggap=\skip51
\mathdisplay@stack=\toks20
LaTeX Info: Redefining \[ on input line 2938.
LaTeX Info: Redefining \] on input line 2939.
) (C:\Users\bijan\AppData\Local\Programs\MiKTeX\tex/generic/iftex\ifxetex.sty
Package: ifxetex 2019/10/25 v0.7 ifxetex legacy package. Use iftex instead.
(C:\Users\bijan\AppData\Local\Programs\MiKTeX\tex/generic/iftex\iftex.sty
Package: iftex 2020/03/06 v1.0d TeX engine tests
)) (C:\Users\bijan\AppData\Local\Programs\MiKTeX\tex/generic/iftex\ifluatex.sty
Package: ifluatex 2019/10/25 v1.5 ifluatex legacy package. Use iftex instead.
) (C:\Users\bijan\AppData\Local\Programs\MiKTeX\tex/latex/base\fontenc.sty
Package: fontenc 2021/04/29 v2.0v Standard LaTeX package
LaTeX Font Info:    Trying to load font information for T1+lmr on input line 11
2.
(C:\Users\bijan\AppData\Local\Programs\MiKTeX\tex/latex/lm\t1lmr.fd
File: t1lmr.fd 2009/10/30 v1.6 Font defs for Latin Modern
)) (C:\Users\bijan\AppData\Local\Programs\MiKTeX\tex/latex/base\inputenc.sty
Package: inputenc 2021/02/14 v1.3d Input encoding file
\inpenc@prehook=\toks21
\inpenc@posthook=\toks22
) (C:\Users\bijan\AppData\Local\Programs\MiKTeX\tex/latex/base\textcomp.sty
Package: textcomp 2020/02/02 v2.0n Standard LaTeX package
) (C:\Users\bijan\AppData\Local\Programs\MiKTeX\tex/latex/amsfonts\amssymb.sty
Package: amssymb 2013/01/14 v3.01 AMS font symbols
(C:\Users\bijan\AppData\Local\Programs\MiKTeX\tex/latex/amsfonts\amsfonts.sty
Package: amsfonts 2013/01/14 v3.01 Basic AMSFonts support
\symAMSa=\mathgroup4
\symAMSb=\mathgroup5
LaTeX Font Info:    Redeclaring math symbol \hbar on input line 98.
LaTeX Font Info:    Overwriting math alphabet `\mathfrak' in version `bold'
(Font)                  U/euf/m/n --> U/euf/b/n on input line 106.
)) (C:\Users\bijan\AppData\Local\Programs\MiKTeX\tex/latex/upquote\upquote.sty
Package: upquote 2012/04/19 v1.3 upright-quote and grave-accent glyphs in verba
tim
)
(C:\Users\bijan\AppData\Local\Programs\MiKTeX\tex/latex/microtype\microtype.sty
Package: microtype 2021/12/10 v3.0b Micro-typographical refinements (RS)
(C:\Users\bijan\AppData\Local\Programs\MiKTeX\tex/latex/graphics\keyval.sty
Package: keyval 2014/10/28 v1.15 key=value parser (DPC)
\KV@toks@=\toks23
) (C:\Users\bijan\AppData\Local\Programs\MiKTeX\tex/latex/etoolbox\etoolbox.sty
Package: etoolbox 2020/10/05 v2.5k e-TeX tools for LaTeX (JAW)
\etb@tempcnta=\count269
)
\MT@toks=\toks24
\MT@count=\count270
\MT@tempbox=\box52
LaTeX Info: Redefining \leftprotrusion on input line 1010.
LaTeX Info: Redefining \rightprotrusion on input line 1018.
LaTeX Info: Redefining \textls on input line 1173.
\MT@outer@kern=\dimen148
LaTeX Info: Redefining \textmicrotypecontext on input line 1759.
\MT@listname@count=\count271

(C:\Users\bijan\AppData\Local\Programs\MiKTeX\tex/latex/microtype\microtype-pdf
tex.def
File: microtype-pdftex.def 2021/12/10 v3.0b Definitions specific to pdftex (RS)

LaTeX Info: Redefining \lsstyle on input line 897.
LaTeX Info: Redefining \lslig on input line 897.
\MT@outer@space=\skip52
)
Package microtype Info: Loading configuration file microtype.cfg.

(C:\Users\bijan\AppData\Local\Programs\MiKTeX\tex/latex/microtype\microtype.cfg
File: microtype.cfg 2021/12/10 v3.0b microtype main configuration file (RS)
)) (C:\Users\bijan\AppData\Local\Programs\MiKTeX\tex/latex/parskip\parskip.sty
Package: parskip 2021-03-14 v2.0h non-zero parskip adjustments

(C:\Users\bijan\AppData\Local\Programs\MiKTeX\tex/latex/kvoptions\kvoptions.sty
Package: kvoptions 2020-10-07 v3.14 Key value format for package options (HO)
(C:\Users\bijan\AppData\Local\Programs\MiKTeX\tex/generic/ltxcmds\ltxcmds.sty
Package: ltxcmds 2020-05-10 v1.25 LaTeX kernel commands for general use (HO)
)
(C:\Users\bijan\AppData\Local\Programs\MiKTeX\tex/generic/kvsetkeys\kvsetkeys.s
ty
Package: kvsetkeys 2019/12/15 v1.18 Key value parser (HO)
))) (C:\Users\bijan\AppData\Local\Programs\MiKTeX\tex/latex/xcolor\xcolor.sty
Package: xcolor 2021/10/31 v2.13 LaTeX color extensions (UK)
(C:\Users\bijan\AppData\Local\Programs\MiKTeX\tex/latex/graphics-cfg\color.cfg
File: color.cfg 2016/01/02 v1.6 sample color configuration
)
Package xcolor Info: Driver file: pdftex.def on input line 227.

(C:\Users\bijan\AppData\Local\Programs\MiKTeX\tex/latex/graphics-def\pdftex.def
File: pdftex.def 2020/10/05 v1.2a Graphics/color driver for pdftex
)
Package xcolor Info: Model `cmy' substituted by `cmy0' on input line 1352.
Package xcolor Info: Model `hsb' substituted by `rgb' on input line 1356.
Package xcolor Info: Model `RGB' extended on input line 1368.
Package xcolor Info: Model `HTML' substituted by `rgb' on input line 1370.
Package xcolor Info: Model `Hsb' substituted by `hsb' on input line 1371.
Package xcolor Info: Model `tHsb' substituted by `hsb' on input line 1372.
Package xcolor Info: Model `HSB' substituted by `hsb' on input line 1373.
Package xcolor Info: Model `Gray' substituted by `gray' on input line 1374.
Package xcolor Info: Model `wave' substituted by `hsb' on input line 1375.
) (C:\Users\bijan\AppData\Local\Programs\MiKTeX\tex/latex/xurl\xurl.sty
Package: xurl 2020/12/30 v 0.09a modify URL breaks
(C:\Users\bijan\AppData\Local\Programs\MiKTeX\tex/latex/url\url.sty
\Urlmuskip=\muskip17
Package: url 2013/09/16  ver 3.4  Verb mode for urls, etc.
)) (C:\Users\bijan\AppData\Local\Programs\MiKTeX\tex/latex/bookmark\bookmark.st
y
Package: bookmark 2020-11-06 v1.29 PDF bookmarks (HO)
(C:\Users\bijan\AppData\Local\Programs\MiKTeX\tex/latex/hyperref\hyperref.sty
Package: hyperref 2021-06-07 v7.00m Hypertext links for LaTeX

(C:\Users\bijan\AppData\Local\Programs\MiKTeX\tex/generic/pdftexcmds\pdftexcmds
.sty
Package: pdftexcmds 2020-06-27 v0.33 Utility functions of pdfTeX for LuaTeX (HO
)

(C:\Users\bijan\AppData\Local\Programs\MiKTeX\tex/generic/infwarerr\infwarerr.s
ty
Package: infwarerr 2019/12/03 v1.5 Providing info/warning/error messages (HO)
)
Package pdftexcmds Info: \pdf@primitive is available.
Package pdftexcmds Info: \pdf@ifprimitive is available.
Package pdftexcmds Info: \pdfdraftmode found.
)
(C:\Users\bijan\AppData\Local\Programs\MiKTeX\tex/generic/kvdefinekeys\kvdefine
keys.sty
Package: kvdefinekeys 2019-12-19 v1.6 Define keys (HO)
)
(C:\Users\bijan\AppData\Local\Programs\MiKTeX\tex/generic/pdfescape\pdfescape.s
ty
Package: pdfescape 2019/12/09 v1.15 Implements pdfTeX's escape features (HO)
) (C:\Users\bijan\AppData\Local\Programs\MiKTeX\tex/latex/hycolor\hycolor.sty
Package: hycolor 2020-01-27 v1.10 Color options for hyperref/bookmark (HO)
)
(C:\Users\bijan\AppData\Local\Programs\MiKTeX\tex/latex/letltxmacro\letltxmacro
.sty
Package: letltxmacro 2019/12/03 v1.6 Let assignment for LaTeX macros (HO)
) (C:\Users\bijan\AppData\Local\Programs\MiKTeX\tex/latex/auxhook\auxhook.sty
Package: auxhook 2019-12-17 v1.6 Hooks for auxiliary files (HO)
)
\@linkdim=\dimen149
\Hy@linkcounter=\count272
\Hy@pagecounter=\count273
(C:\Users\bijan\AppData\Local\Programs\MiKTeX\tex/latex/hyperref\pd1enc.def
File: pd1enc.def 2021-06-07 v7.00m Hyperref: PDFDocEncoding definition (HO)
Now handling font encoding PD1 ...
... no UTF-8 mapping file for font encoding PD1
)
(C:\Users\bijan\AppData\Local\Programs\MiKTeX\tex/latex/hyperref\hyperref-langp
atches.def
File: hyperref-langpatches.def 2021-06-07 v7.00m Hyperref: patches for babel la
nguages
) (C:\Users\bijan\AppData\Local\Programs\MiKTeX\tex/generic/intcalc\intcalc.sty
Package: intcalc 2019/12/15 v1.3 Expandable calculations with integers (HO)
)
(C:\Users\bijan\AppData\Local\Programs\MiKTeX\tex/generic/etexcmds\etexcmds.sty
Package: etexcmds 2019/12/15 v1.7 Avoid name clashes with e-TeX commands (HO)
)
\Hy@SavedSpaceFactor=\count274
(C:\Users\bijan\AppData\Local\Programs\MiKTeX\tex/latex/hyperref\puenc.def
File: puenc.def 2021-06-07 v7.00m Hyperref: PDF Unicode definition (HO)
Now handling font encoding PU ...
... no UTF-8 mapping file for font encoding PU
)
Package hyperref Info: Option `unicode' set `true' on input line 4073.
Package hyperref Info: Hyper figures OFF on input line 4192.
Package hyperref Info: Link nesting OFF on input line 4197.
Package hyperref Info: Hyper index ON on input line 4200.
Package hyperref Info: Plain pages OFF on input line 4207.
Package hyperref Info: Backreferencing OFF on input line 4212.
Package hyperref Info: Implicit mode ON; LaTeX internals redefined.
Package hyperref Info: Bookmarks ON on input line 4445.
\c@Hy@tempcnt=\count275
LaTeX Info: Redefining \url on input line 4804.
\XeTeXLinkMargin=\dimen150
(C:\Users\bijan\AppData\Local\Programs\MiKTeX\tex/generic/bitset\bitset.sty
Package: bitset 2019/12/09 v1.3 Handle bit-vector datatype (HO)

(C:\Users\bijan\AppData\Local\Programs\MiKTeX\tex/generic/bigintcalc\bigintcalc
.sty
Package: bigintcalc 2019/12/15 v1.5 Expandable calculations on big integers (HO
)
))
\Fld@menulength=\count276
\Field@Width=\dimen151
\Fld@charsize=\dimen152
Package hyperref Info: Hyper figures OFF on input line 6076.
Package hyperref Info: Link nesting OFF on input line 6081.
Package hyperref Info: Hyper index ON on input line 6084.
Package hyperref Info: backreferencing OFF on input line 6091.
Package hyperref Info: Link coloring OFF on input line 6096.
Package hyperref Info: Link coloring with OCG OFF on input line 6101.
Package hyperref Info: PDF/A mode OFF on input line 6106.
LaTeX Info: Redefining \ref on input line 6146.
LaTeX Info: Redefining \pageref on input line 6150.
(C:\Users\bijan\AppData\Local\Programs\MiKTeX\tex/latex/base\atbegshi-ltx.sty
Package: atbegshi-ltx 2021/01/10 v1.0c Emulation of the original atbegshi
package with kernel methods
)
\Hy@abspage=\count277
\c@Item=\count278
\c@Hfootnote=\count279
)
Package hyperref Info: Driver (autodetected): hpdftex.
(C:\Users\bijan\AppData\Local\Programs\MiKTeX\tex/latex/hyperref\hpdftex.def
File: hpdftex.def 2021-06-07 v7.00m Hyperref driver for pdfTeX
(C:\Users\bijan\AppData\Local\Programs\MiKTeX\tex/latex/base\atveryend-ltx.sty
Package: atveryend-ltx 2020/08/19 v1.0a Emulation of the original atveryend pac
kage
with kernel methods
)
\Fld@listcount=\count280
\c@bookmark@seq@number=\count281

(C:\Users\bijan\AppData\Local\Programs\MiKTeX\tex/latex/rerunfilecheck\rerunfil
echeck.sty
Package: rerunfilecheck 2019/12/05 v1.9 Rerun checks for auxiliary files (HO)

(C:\Users\bijan\AppData\Local\Programs\MiKTeX\tex/generic/uniquecounter\uniquec
ounter.sty
Package: uniquecounter 2019/12/15 v1.4 Provide unlimited unique counter (HO)
)
Package uniquecounter Info: New unique counter `rerunfilecheck' on input line 2
86.
)
\Hy@SectionHShift=\skip53
)
(C:\Users\bijan\AppData\Local\Programs\MiKTeX\tex/latex/bookmark\bkm-pdftex.def
File: bkm-pdftex.def 2020-11-06 v1.29 bookmark driver for pdfTeX (HO)
\BKM@id=\count282
)) (C:\Users\bijan\AppData\Local\Programs\MiKTeX\tex/latex/geometry\geometry.st
y
Package: geometry 2020/01/02 v5.9 Page Geometry
(C:\Users\bijan\AppData\Local\Programs\MiKTeX\tex/generic/iftex\ifvtex.sty
Package: ifvtex 2019/10/25 v1.7 ifvtex legacy package. Use iftex instead.
)
\Gm@cnth=\count283
\Gm@cntv=\count284
\c@Gm@tempcnt=\count285
\Gm@bindingoffset=\dimen153
\Gm@wd@mp=\dimen154
\Gm@odd@mp=\dimen155
\Gm@even@mp=\dimen156
\Gm@layoutwidth=\dimen157
\Gm@layoutheight=\dimen158
\Gm@layouthoffset=\dimen159
\Gm@layoutvoffset=\dimen160
\Gm@dimlist=\toks25
(C:\Users\bijan\AppData\Local\Programs\MiKTeX\tex/latex/geometry\geometry.cfg))
(C:\Users\bijan\AppData\Local\Programs\MiKTeX\tex/latex/fancyvrb\fancyvrb.sty
Package: fancyvrb 2021/12/21 4.1b verbatim text (tvz,hv)
\FV@CodeLineNo=\count286
\FV@InFile=\read2
\FV@TabBox=\box53
\c@FancyVerbLine=\count287
\FV@StepNumber=\count288
\FV@OutFile=\write3
) (C:\Users\bijan\AppData\Local\Programs\MiKTeX\tex/latex/framed\framed.sty
Package: framed 2011/10/22 v 0.96: framed or shaded text with page breaks
\OuterFrameSep=\skip54
\fb@frw=\dimen161
\fb@frh=\dimen162
\FrameRule=\dimen163
\FrameSep=\dimen164
) (C:\Users\bijan\AppData\Local\Programs\MiKTeX\tex/latex/graphics\graphicx.sty
Package: graphicx 2021/09/16 v1.2d Enhanced LaTeX Graphics (DPC,SPQR)
(C:\Users\bijan\AppData\Local\Programs\MiKTeX\tex/latex/graphics\graphics.sty
Package: graphics 2021/03/04 v1.4d Standard LaTeX Graphics (DPC,SPQR)
(C:\Users\bijan\AppData\Local\Programs\MiKTeX\tex/latex/graphics\trig.sty
Package: trig 2021/08/11 v1.11 sin cos tan (DPC)
)
(C:\Users\bijan\AppData\Local\Programs\MiKTeX\tex/latex/graphics-cfg\graphics.c
fg
File: graphics.cfg 2016/06/04 v1.11 sample graphics configuration
)
Package graphics Info: Driver file: pdftex.def on input line 107.
)
\Gin@req@height=\dimen165
\Gin@req@width=\dimen166
)
(C:\Users\bijan\AppData\Local\Programs\MiKTeX\tex/latex/l3backend\l3backend-pdf
tex.def
File: l3backend-pdftex.def 2021-12-14 L3 backend support: PDF output (pdfTeX)
\l__color_backend_stack_int=\count289
\l__pdf_internal_box=\box54
) (02-01---Projet-Modélisation-Prospective-ThreeME.aux)
\openout1 = `02-01---Projet-Modélisation-Prospective-ThreeME.aux'.

LaTeX Font Info:    Checking defaults for OML/cmm/m/it on input line 110.
LaTeX Font Info:    ... okay on input line 110.
LaTeX Font Info:    Checking defaults for OMS/cmsy/m/n on input line 110.
LaTeX Font Info:    ... okay on input line 110.
LaTeX Font Info:    Checking defaults for OT1/cmr/m/n on input line 110.
LaTeX Font Info:    ... okay on input line 110.
LaTeX Font Info:    Checking defaults for T1/cmr/m/n on input line 110.
LaTeX Font Info:    ... okay on input line 110.
LaTeX Font Info:    Checking defaults for TS1/cmr/m/n on input line 110.
LaTeX Font Info:    ... okay on input line 110.
LaTeX Font Info:    Checking defaults for OMX/cmex/m/n on input line 110.
LaTeX Font Info:    ... okay on input line 110.
LaTeX Font Info:    Checking defaults for U/cmr/m/n on input line 110.
LaTeX Font Info:    ... okay on input line 110.
LaTeX Font Info:    Checking defaults for PD1/pdf/m/n on input line 110.
LaTeX Font Info:    ... okay on input line 110.
LaTeX Font Info:    Checking defaults for PU/pdf/m/n on input line 110.
LaTeX Font Info:    ... okay on input line 110.
LaTeX Info: Redefining \microtypecontext on input line 110.
Package microtype Info: Applying patch `item' on input line 110.
Package microtype Info: Applying patch `toc' on input line 110.
Package microtype Info: Applying patch `eqnum' on input line 110.
Package microtype Info: Applying patch `footnote' on input line 110.
Package microtype Info: Generating PDF output.
Package microtype Info: Character protrusion enabled (level 2).
Package microtype Info: Using protrusion set `basicmath'.
Package microtype Info: Automatic font expansion enabled (level 2),
(microtype)             stretch: 20, shrink: 20, step: 1, non-selected.
Package microtype Info: Using default expansion set `alltext-nott'.
LaTeX Info: Redefining \showhyphens on input line 110.
Package microtype Info: No adjustment of tracking.
Package microtype Info: No adjustment of interword spacing.
Package microtype Info: No adjustment of character kerning.
(C:\Users\bijan\AppData\Local\Programs\MiKTeX\tex/latex/microtype\mt-cmr.cfg
File: mt-cmr.cfg 2013/05/19 v2.2 microtype config. file: Computer Modern Roman 
(RS)
)
(C:\Users\bijan\AppData\Local\Programs\MiKTeX\tex/context/base/mkii\supp-pdf.mk
ii
[Loading MPS to PDF converter (version 2006.09.02).]
\scratchcounter=\count290
\scratchdimen=\dimen167
\scratchbox=\box55
\nofMPsegments=\count291
\nofMParguments=\count292
\everyMPshowfont=\toks26
\MPscratchCnt=\count293
\MPscratchDim=\dimen168
\MPnumerator=\count294
\makeMPintoPDFobject=\count295
\everyMPtoPDFconversion=\toks27
)
(C:\Users\bijan\AppData\Local\Programs\MiKTeX\tex/latex/epstopdf-pkg\epstopdf-b
ase.sty
Package: epstopdf-base 2020-01-24 v2.11 Base part for package epstopdf
Package epstopdf-base Info: Redefining graphics rule for `.eps' on input line 4
85.

(C:\Users\bijan\AppData\Local\Programs\MiKTeX\tex/latex/00miktex\epstopdf-sys.c
fg
File: epstopdf-sys.cfg 2021/03/18 v2.0 Configuration of epstopdf for MiKTeX
))
Package hyperref Info: Link coloring OFF on input line 110.
(C:\Users\bijan\AppData\Local\Programs\MiKTeX\tex/latex/hyperref\nameref.sty
Package: nameref 2021-04-02 v2.47 Cross-referencing by name of section
(C:\Users\bijan\AppData\Local\Programs\MiKTeX\tex/latex/refcount\refcount.sty
Package: refcount 2019/12/15 v3.6 Data extraction from label references (HO)
)
(C:\Users\bijan\AppData\Local\Programs\MiKTeX\tex/generic/gettitlestring\gettit
lestring.sty
Package: gettitlestring 2019/12/15 v1.6 Cleanup title references (HO)
)
\c@section@level=\count296
)
LaTeX Info: Redefining \ref on input line 110.
LaTeX Info: Redefining \pageref on input line 110.
LaTeX Info: Redefining \nameref on input line 110.
*geometry* driver: auto-detecting
*geometry* detected driver: pdftex
*geometry* verbose mode - [ preamble ] result:
* driver: pdftex
* paper: <default>
* layout: <same size as paper>
* layoutoffset:(h,v)=(0.0pt,0.0pt)
* modes: 
* h-part:(L,W,R)=(72.26999pt, 469.75502pt, 72.26999pt)
* v-part:(T,H,B)=(72.26999pt, 650.43001pt, 72.26999pt)
* \paperwidth=614.295pt
* \paperheight=794.96999pt
* \textwidth=469.75502pt
* \textheight=650.43001pt
* \oddsidemargin=0.0pt
* \evensidemargin=0.0pt
* \topmargin=-37.0pt
* \headheight=12.0pt
* \headsep=25.0pt
* \topskip=10.0pt
* \footskip=30.0pt
* \marginparwidth=65.0pt
* \marginparsep=11.0pt
* \columnsep=10.0pt
* \skip\footins=9.0pt plus 4.0pt minus 2.0pt
* \hoffset=0.0pt
* \voffset=0.0pt
* \mag=1000
* \@twocolumnfalse
* \@twosidefalse
* \@mparswitchfalse
* \@reversemarginfalse
* (1in=72.27pt=25.4mm, 1cm=28.453pt)

LaTeX Font Info:    Trying to load font information for OT1+lmr on input line 1
12.
(C:\Users\bijan\AppData\Local\Programs\MiKTeX\tex/latex/lm\ot1lmr.fd
File: ot1lmr.fd 2009/10/30 v1.6 Font defs for Latin Modern
)
LaTeX Font Info:    Trying to load font information for OML+lmm on input line 1
12.
(C:\Users\bijan\AppData\Local\Programs\MiKTeX\tex/latex/lm\omllmm.fd
File: omllmm.fd 2009/10/30 v1.6 Font defs for Latin Modern
)
LaTeX Font Info:    Trying to load font information for OMS+lmsy on input line 
112.
(C:\Users\bijan\AppData\Local\Programs\MiKTeX\tex/latex/lm\omslmsy.fd
File: omslmsy.fd 2009/10/30 v1.6 Font defs for Latin Modern
)
LaTeX Font Info:    Trying to load font information for OMX+lmex on input line 
112.
(C:\Users\bijan\AppData\Local\Programs\MiKTeX\tex/latex/lm\omxlmex.fd
File: omxlmex.fd 2009/10/30 v1.6 Font defs for Latin Modern
)
LaTeX Font Info:    External font `lmex10' loaded for size
(Font)              <12> on input line 112.
LaTeX Font Info:    External font `lmex10' loaded for size
(Font)              <8> on input line 112.
LaTeX Font Info:    External font `lmex10' loaded for size
(Font)              <6> on input line 112.
LaTeX Font Info:    Trying to load font information for U+msa on input line 112
.
(C:\Users\bijan\AppData\Local\Programs\MiKTeX\tex/latex/amsfonts\umsa.fd
File: umsa.fd 2013/01/14 v3.01 AMS symbols A
) (C:\Users\bijan\AppData\Local\Programs\MiKTeX\tex/latex/microtype\mt-msa.cfg
File: mt-msa.cfg 2006/02/04 v1.1 microtype config. file: AMS symbols (a) (RS)
)
LaTeX Font Info:    Trying to load font information for U+msb on input line 112
.
(C:\Users\bijan\AppData\Local\Programs\MiKTeX\tex/latex/amsfonts\umsb.fd
File: umsb.fd 2013/01/14 v3.01 AMS symbols B
) (C:\Users\bijan\AppData\Local\Programs\MiKTeX\tex/latex/microtype\mt-msb.cfg
File: mt-msb.cfg 2005/06/01 v1.0 microtype config. file: AMS symbols (b) (RS)
)
LaTeX Font Info:    Trying to load font information for T1+lmtt on input line 1
13.
(C:\Users\bijan\AppData\Local\Programs\MiKTeX\tex/latex/lm\t1lmtt.fd
File: t1lmtt.fd 2009/10/30 v1.6 Font defs for Latin Modern
)
LaTeX Font Info:    Trying to load font information for TS1+lmtt on input line 
116.
(C:\Users\bijan\AppData\Local\Programs\MiKTeX\tex/latex/lm\ts1lmtt.fd
File: ts1lmtt.fd 2009/10/30 v1.6 Font defs for Latin Modern
)
<02-01---Projet-Modélisation-Prospective-ThreeME_files/figure-latex/unnamed-ch
unk-2-1.pdf, id=3, 469.755pt x 325.215pt>
File: 02-01---Projet-Modélisation-Prospective-ThreeME_files/figure-latex/unnam
ed-chunk-2-1.pdf Graphic file (type pdf)
<use 02-01---Projet-Modélisation-Prospective-ThreeME_files/figure-latex/unname
d-chunk-2-1.pdf>
Package pdftex.def Info: 02-01---Projet-Modélisation-Prospective-ThreeME_files
/figure-latex/unnamed-chunk-2-1.pdf  used on input line 133.
(pdftex.def)             Requested size: 469.75386pt x 325.2142pt.
<02-01---Projet-Modélisation-Prospective-ThreeME_files/figure-latex/unnamed-ch
unk-3-1.pdf, id=4, 469.755pt x 325.215pt>
File: 02-01---Projet-Modélisation-Prospective-ThreeME_files/figure-latex/unnam
ed-chunk-3-1.pdf Graphic file (type pdf)
<use 02-01---Projet-Modélisation-Prospective-ThreeME_files/figure-latex/unname
d-chunk-3-1.pdf>
Package pdftex.def Info: 02-01---Projet-Modélisation-Prospective-ThreeME_files
/figure-latex/unnamed-chunk-3-1.pdf  used on input line 135.
(pdftex.def)             Requested size: 469.75386pt x 325.2142pt.
[1

{C:/Users/bijan/AppData/Local/MiKTeX/fonts/map/pdftex/pdftex.map} <./02-01---Pr
ojet-Modélisation-Prospective-ThreeME_files/figure-latex/unnamed-chunk-2-1.pdf
>]
<02-01---Projet-Modélisation-Prospective-ThreeME_files/figure-latex/unnamed-ch
unk-4-1.pdf, id=22, 469.755pt x 325.215pt>
File: 02-01---Projet-Modélisation-Prospective-ThreeME_files/figure-latex/unnam
ed-chunk-4-1.pdf Graphic file (type pdf)
<use 02-01---Projet-Modélisation-Prospective-ThreeME_files/figure-latex/unname
d-chunk-4-1.pdf>
Package pdftex.def Info: 02-01---Projet-Modélisation-Prospective-ThreeME_files
/figure-latex/unnamed-chunk-4-1.pdf  used on input line 144.
(pdftex.def)             Requested size: 469.75386pt x 325.2142pt.
[2 <./02-01---Projet-Modélisation-Prospective-ThreeME_files/figure-latex/unnam
ed-chunk-3-1.pdf>]
<02-01---Projet-Modélisation-Prospective-ThreeME_files/figure-latex/unnamed-ch
unk-5-1.pdf, id=33, 469.755pt x 325.215pt>
File: 02-01---Projet-Modélisation-Prospective-ThreeME_files/figure-latex/unnam
ed-chunk-5-1.pdf Graphic file (type pdf)
<use 02-01---Projet-Modélisation-Prospective-ThreeME_files/figure-latex/unname
d-chunk-5-1.pdf>
Package pdftex.def Info: 02-01---Projet-Modélisation-Prospective-ThreeME_files
/figure-latex/unnamed-chunk-5-1.pdf  used on input line 146.
(pdftex.def)             Requested size: 469.75386pt x 325.2142pt.
[3 <./02-01---Projet-Modélisation-Prospective-ThreeME_files/figure-latex/unnam
ed-chunk-4-1.pdf>]
<02-01---Projet-Modélisation-Prospective-ThreeME_files/figure-latex/unnamed-ch
unk-6-1.pdf, id=46, 469.755pt x 325.215pt>
File: 02-01---Projet-Modélisation-Prospective-ThreeME_files/figure-latex/unnam
ed-chunk-6-1.pdf Graphic file (type pdf)
<use 02-01---Projet-Modélisation-Prospective-ThreeME_files/figure-latex/unname
d-chunk-6-1.pdf>
Package pdftex.def Info: 02-01---Projet-Modélisation-Prospective-ThreeME_files
/figure-latex/unnamed-chunk-6-1.pdf  used on input line 148.
(pdftex.def)             Requested size: 469.75386pt x 325.2142pt.
[4 <./02-01---Projet-Modélisation-Prospective-ThreeME_files/figure-latex/unnam
ed-chunk-5-1.pdf>]
<02-01---Projet-Modélisation-Prospective-ThreeME_files/figure-latex/unnamed-ch
unk-7-1.pdf, id=56, 469.755pt x 325.215pt>
File: 02-01---Projet-Modélisation-Prospective-ThreeME_files/figure-latex/unnam
ed-chunk-7-1.pdf Graphic file (type pdf)
<use 02-01---Projet-Modélisation-Prospective-ThreeME_files/figure-latex/unname
d-chunk-7-1.pdf>
Package pdftex.def Info: 02-01---Projet-Modélisation-Prospective-ThreeME_files
/figure-latex/unnamed-chunk-7-1.pdf  used on input line 150.
(pdftex.def)             Requested size: 469.75386pt x 325.2142pt.
[5 <./02-01---Projet-Modélisation-Prospective-ThreeME_files/figure-latex/unnam
ed-chunk-6-1.pdf>]
<02-01---Projet-Modélisation-Prospective-ThreeME_files/figure-latex/unnamed-ch
unk-8-1.pdf, id=66, 469.755pt x 325.215pt>
File: 02-01---Projet-Modélisation-Prospective-ThreeME_files/figure-latex/unnam
ed-chunk-8-1.pdf Graphic file (type pdf)
<use 02-01---Projet-Modélisation-Prospective-ThreeME_files/figure-latex/unname
d-chunk-8-1.pdf>
Package pdftex.def Info: 02-01---Projet-Modélisation-Prospective-ThreeME_files
/figure-latex/unnamed-chunk-8-1.pdf  used on input line 152.
(pdftex.def)             Requested size: 469.75386pt x 325.2142pt.
[6 <./02-01---Projet-Modélisation-Prospective-ThreeME_files/figure-latex/unnam
ed-chunk-7-1.pdf>]
<02-01---Projet-Modélisation-Prospective-ThreeME_files/figure-latex/unnamed-ch
unk-9-1.pdf, id=76, 469.755pt x 325.215pt>
File: 02-01---Projet-Modélisation-Prospective-ThreeME_files/figure-latex/unnam
ed-chunk-9-1.pdf Graphic file (type pdf)
<use 02-01---Projet-Modélisation-Prospective-ThreeME_files/figure-latex/unname
d-chunk-9-1.pdf>
Package pdftex.def Info: 02-01---Projet-Modélisation-Prospective-ThreeME_files
/figure-latex/unnamed-chunk-9-1.pdf  used on input line 154.
(pdftex.def)             Requested size: 469.75386pt x 325.2142pt.
[7 <./02-01---Projet-Modélisation-Prospective-ThreeME_files/figure-latex/unnam
ed-chunk-8-1.pdf>]
<02-01---Projet-Modélisation-Prospective-ThreeME_files/figure-latex/unnamed-ch
unk-10-1.pdf, id=87, 469.755pt x 325.215pt>
File: 02-01---Projet-Modélisation-Prospective-ThreeME_files/figure-latex/unnam
ed-chunk-10-1.pdf Graphic file (type pdf)
<use 02-01---Projet-Modélisation-Prospective-ThreeME_files/figure-latex/unname
d-chunk-10-1.pdf>
Package pdftex.def Info: 02-01---Projet-Modélisation-Prospective-ThreeME_files
/figure-latex/unnamed-chunk-10-1.pdf  used on input line 156.
(pdftex.def)             Requested size: 469.75386pt x 325.2142pt.
[8 <./02-01---Projet-Modélisation-Prospective-ThreeME_files/figure-latex/unnam
ed-chunk-9-1.pdf>]
<02-01---Projet-Modélisation-Prospective-ThreeME_files/figure-latex/unnamed-ch
unk-11-1.pdf, id=97, 469.755pt x 325.215pt>
File: 02-01---Projet-Modélisation-Prospective-ThreeME_files/figure-latex/unnam
ed-chunk-11-1.pdf Graphic file (type pdf)
<use 02-01---Projet-Modélisation-Prospective-ThreeME_files/figure-latex/unname
d-chunk-11-1.pdf>
Package pdftex.def Info: 02-01---Projet-Modélisation-Prospective-ThreeME_files
/figure-latex/unnamed-chunk-11-1.pdf  used on input line 162.
(pdftex.def)             Requested size: 469.75386pt x 325.2142pt.
[9 <./02-01---Projet-Modélisation-Prospective-ThreeME_files/figure-latex/unnam
ed-chunk-10-1.pdf>]
<02-01---Projet-Modélisation-Prospective-ThreeME_files/figure-latex/unnamed-ch
unk-12-1.pdf, id=108, 469.755pt x 325.215pt>
File: 02-01---Projet-Modélisation-Prospective-ThreeME_files/figure-latex/unnam
ed-chunk-12-1.pdf Graphic file (type pdf)
<use 02-01---Projet-Modélisation-Prospective-ThreeME_files/figure-latex/unname
d-chunk-12-1.pdf>
Package pdftex.def Info: 02-01---Projet-Modélisation-Prospective-ThreeME_files
/figure-latex/unnamed-chunk-12-1.pdf  used on input line 164.
(pdftex.def)             Requested size: 469.75386pt x 325.2142pt.
[10 <./02-01---Projet-Modélisation-Prospective-ThreeME_files/figure-latex/unna
med-chunk-11-1.pdf>]
<02-01---Projet-Modélisation-Prospective-ThreeME_files/figure-latex/unnamed-ch
unk-13-1.pdf, id=119, 469.755pt x 325.215pt>
File: 02-01---Projet-Modélisation-Prospective-ThreeME_files/figure-latex/unnam
ed-chunk-13-1.pdf Graphic file (type pdf)
<use 02-01---Projet-Modélisation-Prospective-ThreeME_files/figure-latex/unname
d-chunk-13-1.pdf>
Package pdftex.def Info: 02-01---Projet-Modélisation-Prospective-ThreeME_files
/figure-latex/unnamed-chunk-13-1.pdf  used on input line 166.
(pdftex.def)             Requested size: 469.75386pt x 325.2142pt.
[11 <./02-01---Projet-Modélisation-Prospective-ThreeME_files/figure-latex/unna
med-chunk-12-1.pdf>]
<02-01---Projet-Modélisation-Prospective-ThreeME_files/figure-latex/unnamed-ch
unk-14-1.pdf, id=129, 469.755pt x 325.215pt>
File: 02-01---Projet-Modélisation-Prospective-ThreeME_files/figure-latex/unnam
ed-chunk-14-1.pdf Graphic file (type pdf)
<use 02-01---Projet-Modélisation-Prospective-ThreeME_files/figure-latex/unname
d-chunk-14-1.pdf>
Package pdftex.def Info: 02-01---Projet-Modélisation-Prospective-ThreeME_files
/figure-latex/unnamed-chunk-14-1.pdf  used on input line 168.
(pdftex.def)             Requested size: 469.75386pt x 325.2142pt.
[12 <./02-01---Projet-Modélisation-Prospective-ThreeME_files/figure-latex/unna
med-chunk-13-1.pdf>]
<02-01---Projet-Modélisation-Prospective-ThreeME_files/figure-latex/unnamed-ch
unk-15-1.pdf, id=139, 469.755pt x 325.215pt>
File: 02-01---Projet-Modélisation-Prospective-ThreeME_files/figure-latex/unnam
ed-chunk-15-1.pdf Graphic file (type pdf)
<use 02-01---Projet-Modélisation-Prospective-ThreeME_files/figure-latex/unname
d-chunk-15-1.pdf>
Package pdftex.def Info: 02-01---Projet-Modélisation-Prospective-ThreeME_files
/figure-latex/unnamed-chunk-15-1.pdf  used on input line 170.
(pdftex.def)             Requested size: 469.75386pt x 325.2142pt.
[13 <./02-01---Projet-Modélisation-Prospective-ThreeME_files/figure-latex/unna
med-chunk-14-1.pdf>]
<02-01---Projet-Modélisation-Prospective-ThreeME_files/figure-latex/unnamed-ch
unk-16-1.pdf, id=150, 469.755pt x 325.215pt>
File: 02-01---Projet-Modélisation-Prospective-ThreeME_files/figure-latex/unnam
ed-chunk-16-1.pdf Graphic file (type pdf)
<use 02-01---Projet-Modélisation-Prospective-ThreeME_files/figure-latex/unname
d-chunk-16-1.pdf>
Package pdftex.def Info: 02-01---Projet-Modélisation-Prospective-ThreeME_files
/figure-latex/unnamed-chunk-16-1.pdf  used on input line 172.
(pdftex.def)             Requested size: 469.75386pt x 325.2142pt.
[14 <./02-01---Projet-Modélisation-Prospective-ThreeME_files/figure-latex/unna
med-chunk-15-1.pdf>]
<02-01---Projet-Modélisation-Prospective-ThreeME_files/figure-latex/unnamed-ch
unk-17-1.pdf, id=160, 469.755pt x 325.215pt>
File: 02-01---Projet-Modélisation-Prospective-ThreeME_files/figure-latex/unnam
ed-chunk-17-1.pdf Graphic file (type pdf)
<use 02-01---Projet-Modélisation-Prospective-ThreeME_files/figure-latex/unname
d-chunk-17-1.pdf>
Package pdftex.def Info: 02-01---Projet-Modélisation-Prospective-ThreeME_files
/figure-latex/unnamed-chunk-17-1.pdf  used on input line 174.
(pdftex.def)             Requested size: 469.75386pt x 325.2142pt.
[15 <./02-01---Projet-Modélisation-Prospective-ThreeME_files/figure-latex/unna
med-chunk-16-1.pdf>]
<02-01---Projet-Modélisation-Prospective-ThreeME_files/figure-latex/unnamed-ch
unk-18-1.pdf, id=170, 469.755pt x 325.215pt>
File: 02-01---Projet-Modélisation-Prospective-ThreeME_files/figure-latex/unnam
ed-chunk-18-1.pdf Graphic file (type pdf)
<use 02-01---Projet-Modélisation-Prospective-ThreeME_files/figure-latex/unname
d-chunk-18-1.pdf>
Package pdftex.def Info: 02-01---Projet-Modélisation-Prospective-ThreeME_files
/figure-latex/unnamed-chunk-18-1.pdf  used on input line 180.
(pdftex.def)             Requested size: 469.75386pt x 325.2142pt.
[16 <./02-01---Projet-Modélisation-Prospective-ThreeME_files/figure-latex/unna
med-chunk-17-1.pdf>]
<02-01---Projet-Modélisation-Prospective-ThreeME_files/figure-latex/unnamed-ch
unk-19-1.pdf, id=181, 469.755pt x 325.215pt>
File: 02-01---Projet-Modélisation-Prospective-ThreeME_files/figure-latex/unnam
ed-chunk-19-1.pdf Graphic file (type pdf)
<use 02-01---Projet-Modélisation-Prospective-ThreeME_files/figure-latex/unname
d-chunk-19-1.pdf>
Package pdftex.def Info: 02-01---Projet-Modélisation-Prospective-ThreeME_files
/figure-latex/unnamed-chunk-19-1.pdf  used on input line 182.
(pdftex.def)             Requested size: 469.75386pt x 325.2142pt.
[17 <./02-01---Projet-Modélisation-Prospective-ThreeME_files/figure-latex/unna
med-chunk-18-1.pdf>]
<02-01---Projet-Modélisation-Prospective-ThreeME_files/figure-latex/unnamed-ch
unk-20-1.pdf, id=192, 469.755pt x 325.215pt>
File: 02-01---Projet-Modélisation-Prospective-ThreeME_files/figure-latex/unnam
ed-chunk-20-1.pdf Graphic file (type pdf)
<use 02-01---Projet-Modélisation-Prospective-ThreeME_files/figure-latex/unname
d-chunk-20-1.pdf>
Package pdftex.def Info: 02-01---Projet-Modélisation-Prospective-ThreeME_files
/figure-latex/unnamed-chunk-20-1.pdf  used on input line 184.
(pdftex.def)             Requested size: 469.75386pt x 325.2142pt.
[18 <./02-01---Projet-Modélisation-Prospective-ThreeME_files/figure-latex/unna
med-chunk-19-1.pdf>]
<02-01---Projet-Modélisation-Prospective-ThreeME_files/figure-latex/unnamed-ch
unk-21-1.pdf, id=202, 469.755pt x 325.215pt>
File: 02-01---Projet-Modélisation-Prospective-ThreeME_files/figure-latex/unnam
ed-chunk-21-1.pdf Graphic file (type pdf)
<use 02-01---Projet-Modélisation-Prospective-ThreeME_files/figure-latex/unname
d-chunk-21-1.pdf>
Package pdftex.def Info: 02-01---Projet-Modélisation-Prospective-ThreeME_files
/figure-latex/unnamed-chunk-21-1.pdf  used on input line 186.
(pdftex.def)             Requested size: 469.75386pt x 325.2142pt.
[19 <./02-01---Projet-Modélisation-Prospective-ThreeME_files/figure-latex/unna
med-chunk-20-1.pdf>]
<02-01---Projet-Modélisation-Prospective-ThreeME_files/figure-latex/unnamed-ch
unk-22-1.pdf, id=213, 469.755pt x 325.215pt>
File: 02-01---Projet-Modélisation-Prospective-ThreeME_files/figure-latex/unnam
ed-chunk-22-1.pdf Graphic file (type pdf)
<use 02-01---Projet-Modélisation-Prospective-ThreeME_files/figure-latex/unname
d-chunk-22-1.pdf>
Package pdftex.def Info: 02-01---Projet-Modélisation-Prospective-ThreeME_files
/figure-latex/unnamed-chunk-22-1.pdf  used on input line 188.
(pdftex.def)             Requested size: 469.75386pt x 325.2142pt.
[20 <./02-01---Projet-Modélisation-Prospective-ThreeME_files/figure-latex/unna
med-chunk-21-1.pdf>]
<02-01---Projet-Modélisation-Prospective-ThreeME_files/figure-latex/unnamed-ch
unk-23-1.pdf, id=223, 469.755pt x 325.215pt>
File: 02-01---Projet-Modélisation-Prospective-ThreeME_files/figure-latex/unnam
ed-chunk-23-1.pdf Graphic file (type pdf)
<use 02-01---Projet-Modélisation-Prospective-ThreeME_files/figure-latex/unname
d-chunk-23-1.pdf>
Package pdftex.def Info: 02-01---Projet-Modélisation-Prospective-ThreeME_files
/figure-latex/unnamed-chunk-23-1.pdf  used on input line 190.
(pdftex.def)             Requested size: 469.75386pt x 325.2142pt.
[21 <./02-01---Projet-Modélisation-Prospective-ThreeME_files/figure-latex/unna
med-chunk-22-1.pdf>]
<02-01---Projet-Modélisation-Prospective-ThreeME_files/figure-latex/unnamed-ch
unk-24-1.pdf, id=233, 469.755pt x 325.215pt>
File: 02-01---Projet-Modélisation-Prospective-ThreeME_files/figure-latex/unnam
ed-chunk-24-1.pdf Graphic file (type pdf)
<use 02-01---Projet-Modélisation-Prospective-ThreeME_files/figure-latex/unname
d-chunk-24-1.pdf>
Package pdftex.def Info: 02-01---Projet-Modélisation-Prospective-ThreeME_files
/figure-latex/unnamed-chunk-24-1.pdf  used on input line 192.
(pdftex.def)             Requested size: 469.75386pt x 325.2142pt.
[22 <./02-01---Projet-Modélisation-Prospective-ThreeME_files/figure-latex/unna
med-chunk-23-1.pdf>]
LaTeX Font Info:    External font `lmex10' loaded for size
(Font)              <10> on input line 201.
LaTeX Font Info:    External font `lmex10' loaded for size
(Font)              <7> on input line 201.
LaTeX Font Info:    External font `lmex10' loaded for size
(Font)              <5> on input line 201.

LaTeX Warning: Command \' invalid in math mode on input line 201.

LaTeX Font Info:    Font shape `T1/lmtt/bx/n' in size <10> not available
(Font)              Font shape `T1/lmtt/b/n' tried instead on input line 221.
[23 <./02-01---Projet-Modélisation-Prospective-ThreeME_files/figure-latex/unna
med-chunk-24-1.pdf>]
Underfull \vbox (badness 10000) detected at line 308
 []


Overfull \vbox (0.39722pt too high) detected at line 308
 []

[24]
<02-01---Projet-Modélisation-Prospective-ThreeME_files/figure-latex/unnamed-ch
unk-28-1.pdf, id=267, 469.755pt x 325.215pt>
File: 02-01---Projet-Modélisation-Prospective-ThreeME_files/figure-latex/unnam
ed-chunk-28-1.pdf Graphic file (type pdf)
<use 02-01---Projet-Modélisation-Prospective-ThreeME_files/figure-latex/unname
d-chunk-28-1.pdf>
Package pdftex.def Info: 02-01---Projet-Modélisation-Prospective-ThreeME_files
/figure-latex/unnamed-chunk-28-1.pdf  used on input line 323.
(pdftex.def)             Requested size: 469.75386pt x 325.2142pt.
[25]
<02-01---Projet-Modélisation-Prospective-ThreeME_files/figure-latex/unnamed-ch
unk-29-1.pdf, id=273, 469.755pt x 325.215pt>
File: 02-01---Projet-Modélisation-Prospective-ThreeME_files/figure-latex/unnam
ed-chunk-29-1.pdf Graphic file (type pdf)
<use 02-01---Projet-Modélisation-Prospective-ThreeME_files/figure-latex/unname
d-chunk-29-1.pdf>
Package pdftex.def Info: 02-01---Projet-Modélisation-Prospective-ThreeME_files
/figure-latex/unnamed-chunk-29-1.pdf  used on input line 339.
(pdftex.def)             Requested size: 469.75386pt x 325.2142pt.
[26 <./02-01---Projet-Modélisation-Prospective-ThreeME_files/figure-latex/unna
med-chunk-28-1.pdf>]
<02-01---Projet-Modélisation-Prospective-ThreeME_files/figure-latex/unnamed-ch
unk-30-1.pdf, id=283, 469.755pt x 325.215pt>
File: 02-01---Projet-Modélisation-Prospective-ThreeME_files/figure-latex/unnam
ed-chunk-30-1.pdf Graphic file (type pdf)
<use 02-01---Projet-Modélisation-Prospective-ThreeME_files/figure-latex/unname
d-chunk-30-1.pdf>
Package pdftex.def Info: 02-01---Projet-Modélisation-Prospective-ThreeME_files
/figure-latex/unnamed-chunk-30-1.pdf  used on input line 355.
(pdftex.def)             Requested size: 469.75386pt x 325.2142pt.
[27 <./02-01---Projet-Modélisation-Prospective-ThreeME_files/figure-latex/unna
med-chunk-29-1.pdf>]
<02-01---Projet-Modélisation-Prospective-ThreeME_files/figure-latex/unnamed-ch
unk-31-1.pdf, id=293, 469.755pt x 325.215pt>
File: 02-01---Projet-Modélisation-Prospective-ThreeME_files/figure-latex/unnam
ed-chunk-31-1.pdf Graphic file (type pdf)
<use 02-01---Projet-Modélisation-Prospective-ThreeME_files/figure-latex/unname
d-chunk-31-1.pdf>
Package pdftex.def Info: 02-01---Projet-Modélisation-Prospective-ThreeME_files
/figure-latex/unnamed-chunk-31-1.pdf  used on input line 371.
(pdftex.def)             Requested size: 469.75386pt x 325.2142pt.
[28 <./02-01---Projet-Modélisation-Prospective-ThreeME_files/figure-latex/unna
med-chunk-30-1.pdf>]
<02-01---Projet-Modélisation-Prospective-ThreeME_files/figure-latex/unnamed-ch
unk-32-1.pdf, id=303, 469.755pt x 325.215pt>
File: 02-01---Projet-Modélisation-Prospective-ThreeME_files/figure-latex/unnam
ed-chunk-32-1.pdf Graphic file (type pdf)
<use 02-01---Projet-Modélisation-Prospective-ThreeME_files/figure-latex/unname
d-chunk-32-1.pdf>
Package pdftex.def Info: 02-01---Projet-Modélisation-Prospective-ThreeME_files
/figure-latex/unnamed-chunk-32-1.pdf  used on input line 373.
(pdftex.def)             Requested size: 469.75386pt x 325.2142pt.
[29 <./02-01---Projet-Modélisation-Prospective-ThreeME_files/figure-latex/unna
med-chunk-31-1.pdf>]
<02-01---Projet-Modélisation-Prospective-ThreeME_files/figure-latex/unnamed-ch
unk-34-1.pdf, id=313, 469.755pt x 325.215pt>
File: 02-01---Projet-Modélisation-Prospective-ThreeME_files/figure-latex/unnam
ed-chunk-34-1.pdf Graphic file (type pdf)
<use 02-01---Projet-Modélisation-Prospective-ThreeME_files/figure-latex/unname
d-chunk-34-1.pdf>
Package pdftex.def Info: 02-01---Projet-Modélisation-Prospective-ThreeME_files
/figure-latex/unnamed-chunk-34-1.pdf  used on input line 396.
(pdftex.def)             Requested size: 469.75386pt x 325.2142pt.
[30 <./02-01---Projet-Modélisation-Prospective-ThreeME_files/figure-latex/unna
med-chunk-32-1.pdf>]
<02-01---Projet-Modélisation-Prospective-ThreeME_files/figure-latex/unnamed-ch
unk-35-1.pdf, id=325, 469.755pt x 325.215pt>
File: 02-01---Projet-Modélisation-Prospective-ThreeME_files/figure-latex/unnam
ed-chunk-35-1.pdf Graphic file (type pdf)
<use 02-01---Projet-Modélisation-Prospective-ThreeME_files/figure-latex/unname
d-chunk-35-1.pdf>
Package pdftex.def Info: 02-01---Projet-Modélisation-Prospective-ThreeME_files
/figure-latex/unnamed-chunk-35-1.pdf  used on input line 398.
(pdftex.def)             Requested size: 469.75386pt x 325.2142pt.
[31 <./02-01---Projet-Modélisation-Prospective-ThreeME_files/figure-latex/unna
med-chunk-34-1.pdf>]
<02-01---Projet-Modélisation-Prospective-ThreeME_files/figure-latex/unnamed-ch
unk-36-1.pdf, id=336, 469.755pt x 325.215pt>
File: 02-01---Projet-Modélisation-Prospective-ThreeME_files/figure-latex/unnam
ed-chunk-36-1.pdf Graphic file (type pdf)
<use 02-01---Projet-Modélisation-Prospective-ThreeME_files/figure-latex/unname
d-chunk-36-1.pdf>
Package pdftex.def Info: 02-01---Projet-Modélisation-Prospective-ThreeME_files
/figure-latex/unnamed-chunk-36-1.pdf  used on input line 400.
(pdftex.def)             Requested size: 469.75386pt x 325.2142pt.
[32 <./02-01---Projet-Modélisation-Prospective-ThreeME_files/figure-latex/unna
med-chunk-35-1.pdf>]
<02-01---Projet-Modélisation-Prospective-ThreeME_files/figure-latex/unnamed-ch
unk-37-1.pdf, id=346, 469.755pt x 325.215pt>
File: 02-01---Projet-Modélisation-Prospective-ThreeME_files/figure-latex/unnam
ed-chunk-37-1.pdf Graphic file (type pdf)
<use 02-01---Projet-Modélisation-Prospective-ThreeME_files/figure-latex/unname
d-chunk-37-1.pdf>
Package pdftex.def Info: 02-01---Projet-Modélisation-Prospective-ThreeME_files
/figure-latex/unnamed-chunk-37-1.pdf  used on input line 402.
(pdftex.def)             Requested size: 469.75386pt x 325.2142pt.
[33 <./02-01---Projet-Modélisation-Prospective-ThreeME_files/figure-latex/unna
med-chunk-36-1.pdf>]
<02-01---Projet-Modélisation-Prospective-ThreeME_files/figure-latex/unnamed-ch
unk-38-1.pdf, id=356, 469.755pt x 325.215pt>
File: 02-01---Projet-Modélisation-Prospective-ThreeME_files/figure-latex/unnam
ed-chunk-38-1.pdf Graphic file (type pdf)
<use 02-01---Projet-Modélisation-Prospective-ThreeME_files/figure-latex/unname
d-chunk-38-1.pdf>
Package pdftex.def Info: 02-01---Projet-Modélisation-Prospective-ThreeME_files
/figure-latex/unnamed-chunk-38-1.pdf  used on input line 404.
(pdftex.def)             Requested size: 469.75386pt x 325.2142pt.
[34 <./02-01---Projet-Modélisation-Prospective-ThreeME_files/figure-latex/unna
med-chunk-37-1.pdf>]
<02-01---Projet-Modélisation-Prospective-ThreeME_files/figure-latex/unnamed-ch
unk-39-1.pdf, id=366, 469.755pt x 325.215pt>
File: 02-01---Projet-Modélisation-Prospective-ThreeME_files/figure-latex/unnam
ed-chunk-39-1.pdf Graphic file (type pdf)
<use 02-01---Projet-Modélisation-Prospective-ThreeME_files/figure-latex/unname
d-chunk-39-1.pdf>
Package pdftex.def Info: 02-01---Projet-Modélisation-Prospective-ThreeME_files
/figure-latex/unnamed-chunk-39-1.pdf  used on input line 406.
(pdftex.def)             Requested size: 469.75386pt x 325.2142pt.
[35 <./02-01---Projet-Modélisation-Prospective-ThreeME_files/figure-latex/unna
med-chunk-38-1.pdf>]
<02-01---Projet-Modélisation-Prospective-ThreeME_files/figure-latex/unnamed-ch
unk-40-1.pdf, id=376, 469.755pt x 325.215pt>
File: 02-01---Projet-Modélisation-Prospective-ThreeME_files/figure-latex/unnam
ed-chunk-40-1.pdf Graphic file (type pdf)
<use 02-01---Projet-Modélisation-Prospective-ThreeME_files/figure-latex/unname
d-chunk-40-1.pdf>
Package pdftex.def Info: 02-01---Projet-Modélisation-Prospective-ThreeME_files
/figure-latex/unnamed-chunk-40-1.pdf  used on input line 408.
(pdftex.def)             Requested size: 469.75386pt x 325.2142pt.
[36 <./02-01---Projet-Modélisation-Prospective-ThreeME_files/figure-latex/unna
med-chunk-39-1.pdf>]
<02-01---Projet-Modélisation-Prospective-ThreeME_files/figure-latex/unnamed-ch
unk-41-1.pdf, id=386, 469.755pt x 325.215pt>
File: 02-01---Projet-Modélisation-Prospective-ThreeME_files/figure-latex/unnam
ed-chunk-41-1.pdf Graphic file (type pdf)
<use 02-01---Projet-Modélisation-Prospective-ThreeME_files/figure-latex/unname
d-chunk-41-1.pdf>
Package pdftex.def Info: 02-01---Projet-Modélisation-Prospective-ThreeME_files
/figure-latex/unnamed-chunk-41-1.pdf  used on input line 410.
(pdftex.def)             Requested size: 469.75386pt x 325.2142pt.
[37 <./02-01---Projet-Modélisation-Prospective-ThreeME_files/figure-latex/unna
med-chunk-40-1.pdf>]
<02-01---Projet-Modélisation-Prospective-ThreeME_files/figure-latex/unnamed-ch
unk-42-1.pdf, id=397, 469.755pt x 325.215pt>
File: 02-01---Projet-Modélisation-Prospective-ThreeME_files/figure-latex/unnam
ed-chunk-42-1.pdf Graphic file (type pdf)
<use 02-01---Projet-Modélisation-Prospective-ThreeME_files/figure-latex/unname
d-chunk-42-1.pdf>
Package pdftex.def Info: 02-01---Projet-Modélisation-Prospective-ThreeME_files
/figure-latex/unnamed-chunk-42-1.pdf  used on input line 412.
(pdftex.def)             Requested size: 469.75386pt x 325.2142pt.
[38 <./02-01---Projet-Modélisation-Prospective-ThreeME_files/figure-latex/unna
med-chunk-41-1.pdf>]
<02-01---Projet-Modélisation-Prospective-ThreeME_files/figure-latex/unnamed-ch
unk-43-1.pdf, id=407, 469.755pt x 325.215pt>
File: 02-01---Projet-Modélisation-Prospective-ThreeME_files/figure-latex/unnam
ed-chunk-43-1.pdf Graphic file (type pdf)
<use 02-01---Projet-Modélisation-Prospective-ThreeME_files/figure-latex/unname
d-chunk-43-1.pdf>
Package pdftex.def Info: 02-01---Projet-Modélisation-Prospective-ThreeME_files
/figure-latex/unnamed-chunk-43-1.pdf  used on input line 414.
(pdftex.def)             Requested size: 469.75386pt x 325.2142pt.
[39 <./02-01---Projet-Modélisation-Prospective-ThreeME_files/figure-latex/unna
med-chunk-42-1.pdf>] [40 <./02-01---Projet-Modélisation-Prospective-ThreeME_fi
les/figure-latex/unnamed-chunk-43-1.pdf>] (02-01---Projet-Modélisation-Prospec
tive-ThreeME.aux) ) 
Here is how much of TeX's memory you used:
 14090 strings out of 478621
 245928 string characters out of 2844220
 560770 words of memory out of 3000000
 31840 multiletter control sequences out of 15000+600000
 449207 words of font info for 94 fonts, out of 8000000 for 9000
 1141 hyphenation exceptions out of 8191
 74i,6n,77p,1047b,371s stack positions out of 5000i,500n,10000p,200000b,80000s
{C:/Users/bijan/AppData/Local/Programs/MiKTeX/fonts/enc/dvip
s/lm/lm-ec.enc}{C:/Users/bijan/AppData/Local/Programs/MiKTeX/fonts/enc/dvips/lm
/lm-mathit.enc}{C:/Users/bijan/AppData/Local/Programs/MiKTeX/fonts/enc/dvips/lm
/lm-rm.enc}{C:/Users/bijan/AppData/Local/Programs/MiKTeX/fonts/enc/dvips/lm/lm-
mathsy.enc}{C:/Users/bijan/AppData/Local/Programs/MiKTeX/fonts/enc/dvips/lm/lm-
ts1.enc}<C:/Users/bijan/AppData/Local/Programs/MiKTeX/fonts/type1/public/lm/lmb
x12.pfb><C:/Users/bijan/AppData/Local/Programs/MiKTeX/fonts/type1/public/lm/lmm
i10.pfb><C:/Users/bijan/AppData/Local/Programs/MiKTeX/fonts/type1/public/lm/lmm
i5.pfb><C:/Users/bijan/AppData/Local/Programs/MiKTeX/fonts/type1/public/lm/lmmi
7.pfb><C:/Users/bijan/AppData/Local/Programs/MiKTeX/fonts/type1/public/lm/lmr10
.pfb><C:/Users/bijan/AppData/Local/Programs/MiKTeX/fonts/type1/public/lm/lmr17.
pfb><C:/Users/bijan/AppData/Local/Programs/MiKTeX/fonts/type1/public/lm/lmr5.pf
b><C:/Users/bijan/AppData/Local/Programs/MiKTeX/fonts/type1/public/lm/lmr7.pfb>
<C:/Users/bijan/AppData/Local/Programs/MiKTeX/fonts/type1/public/lm/lmsy10.pfb>
<C:/Users/bijan/AppData/Local/Programs/MiKTeX/fonts/type1/public/lm/lmtk10.pfb>
<C:/Users/bijan/AppData/Local/Programs/MiKTeX/fonts/type1/public/lm/lmtt10.pfb>
<C:/Users/bijan/AppData/Local/Programs/MiKTeX/fonts/type1/public/lm/lmtti10.pfb
>
Output written on 02-01---Projet-Modélisation-Prospective-ThreeME.pdf (40 page
s, 478861 bytes).
PDF statistics:
 523 PDF objects out of 1000 (max. 8388607)
 55 named destinations out of 1000 (max. 500000)
 24823 words of extra memory for PDF output out of 24883 (max. 10000000)

